[T] 14:50:59.236(0000000000004B3C):auto create dir:'F:\myCode\otc3.0\admin\log'
[I] 14:50:59.233(0000000000004B3C):server is starting on port 8081
[I] 14:50:59.239(0000000000004B3C):load router file :F:\myCode\otc3.0\admin\server\biz\account.js 
[I] 14:50:59.244(0000000000004B3C):load router file :F:\myCode\otc3.0\admin\server\biz\code.js 
[I] 14:50:59.245(0000000000004B3C):load router file :F:\myCode\otc3.0\admin\server\biz\codeType.js 
[I] 14:50:59.247(0000000000004B3C):load router file :F:\myCode\otc3.0\admin\server\biz\customer.js 
[I] 14:50:59.249(0000000000004B3C):load router file :F:\myCode\otc3.0\admin\server\biz\dashboard.js 
[I] 14:50:59.253(0000000000004B3C):load router file :F:\myCode\otc3.0\admin\server\biz\device.js 
[I] 14:50:59.258(0000000000004B3C):load router file :F:\myCode\otc3.0\admin\server\biz\deviceGroup.js 
[I] 14:50:59.260(0000000000004B3C):load router file :F:\myCode\otc3.0\admin\server\biz\deviceModel.js 
[I] 14:50:59.262(0000000000004B3C):load router file :F:\myCode\otc3.0\admin\server\biz\deviceOrder.js 
[I] 14:50:59.269(0000000000004B3C):load router file :F:\myCode\otc3.0\admin\server\biz\deviceProduct.js 
[I] 14:50:59.271(0000000000004B3C):load router file :F:\myCode\otc3.0\admin\server\biz\event.js 
[I] 14:50:59.273(0000000000004B3C):load router file :F:\myCode\otc3.0\admin\server\biz\merchant.js 
[I] 14:50:59.274(0000000000004B3C):load router file :F:\myCode\otc3.0\admin\server\biz\merchantProducut.js 
[I] 14:50:59.278(0000000000004B3C):load router file :F:\myCode\otc3.0\admin\server\biz\merchantWarning.js 
[I] 14:50:59.284(0000000000004B3C):load router file :F:\myCode\otc3.0\admin\server\biz\notice.js 
[I] 14:50:59.285(0000000000004B3C):load router file :F:\myCode\otc3.0\admin\server\biz\order.js 
[I] 14:50:59.287(0000000000004B3C):load router file :F:\myCode\otc3.0\admin\server\biz\product.js 
[I] 14:50:59.288(0000000000004B3C):load router file :F:\myCode\otc3.0\admin\server\biz\productCategory.js 
[I] 14:50:59.290(0000000000004B3C):load router file :F:\myCode\otc3.0\admin\server\biz\refundApply.js 
[I] 14:50:59.292(0000000000004B3C):load router file :F:\myCode\otc3.0\admin\server\biz\replenish.js 
[I] 14:50:59.296(0000000000004B3C):load router file :F:\myCode\otc3.0\admin\server\biz\report.js 
[I] 14:50:59.299(0000000000004B3C):load router file :F:\myCode\otc3.0\admin\server\biz\role.js 
[I] 14:50:59.300(0000000000004B3C):load router file :F:\myCode\otc3.0\admin\server\biz\stock.js 
[I] 14:50:59.302(0000000000004B3C):load router file :F:\myCode\otc3.0\admin\server\biz\symptom.js 
[I] 14:50:59.304(0000000000004B3C):load router file :F:\myCode\otc3.0\admin\server\biz\user.js 
[I] 14:50:59.305(0000000000004B3C):load router file :F:\myCode\otc3.0\admin\server\biz\version.js 
[I] 14:50:59.306(0000000000004B3C):load router file :F:\myCode\otc3.0\admin\server\biz\warningLog.js 
[I] 14:50:59.308(0000000000004B3C):load router file :F:\myCode\otc3.0\admin\server\biz\warningRule.js 
[I] 14:50:59.316(0000000000004B3C):[redis]connected!
[I] 14:50:59.322(0000000000004B3C):[redis]ready!
[W] 14:52:03.954(0000000000004B3C):recv 'Ctrl+C' break sign!next exit!
[W] 14:52:04.158(0000000000004B3C):recv 'Ctrl+C' break sign!EXIT!!
